<?xml version="1.0" encoding="UTF-8"?>
<testsuite name="StringCalculatorTester" tests="1" skipped="0" failures="0" errors="0" timestamp="2020-03-29T19:40:36" hostname="admin1-ThinkCentre-M72e" time="0.013">
  <properties/>
  <testcase name="AddThatSupportAnyDelimiterAndLength()" classname="StringCalculatorTester" time="0.013"/>
  <system-out><![CDATA[]]></system-out>
  <system-err><![CDATA[]]></system-err>
</testsuite>
